<?xml version="1.0" encoding="UTF-8"?>
<testng-results ignored="0" total="15" passed="4" failed="11" skipped="0">
  <reporter-output>
  </reporter-output>
  <suite started-at="2025-03-11T23:04:41 IST" name="Default suite" finished-at="2025-03-11T23:06:15 IST" duration-ms="94630">
    <groups>
    </groups>
    <test started-at="2025-03-11T23:04:41 IST" name="Default test" finished-at="2025-03-11T23:06:15 IST" duration-ms="94630">
      <class name="com.kpi.testcases.RegistrationPageTest">
        <test-method is-config="true" signature="launchBrowser()[pri:0, instance:com.kpi.testcases.RegistrationPageTest@8297b3a]" started-at="2025-03-11T23:04:41 IST" name="launchBrowser" finished-at="2025-03-11T23:04:53 IST" duration-ms="12599" status="PASS">
          <reporter-output>
          </reporter-output>
        </test-method> <!-- launchBrowser -->
        <test-method signature="registrationPageLanding()[pri:1, instance:com.kpi.testcases.RegistrationPageTest@8297b3a]" started-at="2025-03-11T23:04:53 IST" name="registrationPageLanding" finished-at="2025-03-11T23:04:54 IST" duration-ms="385" status="PASS">
          <reporter-output>
          </reporter-output>
        </test-method> <!-- registrationPageLanding -->
        <test-method signature="registrationPageBacktoLogin()[pri:2, instance:com.kpi.testcases.RegistrationPageTest@8297b3a]" started-at="2025-03-11T23:04:54 IST" name="registrationPageBacktoLogin" finished-at="2025-03-11T23:04:54 IST" duration-ms="576" status="PASS">
          <reporter-output>
          </reporter-output>
        </test-method> <!-- registrationPageBacktoLogin -->
        <test-method signature="lableRegistrationPagefield()[pri:3, instance:com.kpi.testcases.RegistrationPageTest@8297b3a]" started-at="2025-03-11T23:04:54 IST" name="lableRegistrationPagefield" finished-at="2025-03-11T23:04:55 IST" duration-ms="1021" status="PASS">
          <reporter-output>
          </reporter-output>
        </test-method> <!-- lableRegistrationPagefield -->
        <test-method signature="testRegistrationPage(java.lang.String,java.lang.String,java.lang.String,java.lang.String,java.lang.String,java.lang.String,java.lang.String,java.lang.String,java.lang.String)[pri:4, instance:com.kpi.testcases.RegistrationPageTest@8297b3a]" started-at="2025-03-11T23:04:56 IST" name="testRegistrationPage" data-provider="registrationTestData" finished-at="2025-03-11T23:05:03 IST" duration-ms="7276" status="PASS">
          <params>
            <param index="0">
              <value>
                <![CDATA[blankData]]>
              </value>
            </param>
            <param index="1">
              <value>
                <![CDATA[]]>
              </value>
            </param>
            <param index="2">
              <value>
                <![CDATA[]]>
              </value>
            </param>
            <param index="3">
              <value>
                <![CDATA[]]>
              </value>
            </param>
            <param index="4">
              <value>
                <![CDATA[]]>
              </value>
            </param>
            <param index="5">
              <value>
                <![CDATA[]]>
              </value>
            </param>
            <param index="6">
              <value>
                <![CDATA[]]>
              </value>
            </param>
            <param index="7">
              <value>
                <![CDATA[]]>
              </value>
            </param>
            <param index="8">
              <value>
                <![CDATA[]]>
              </value>
            </param>
          </params>
          <reporter-output>
          </reporter-output>
        </test-method> <!-- testRegistrationPage -->
        <test-method signature="testRegistrationPage(java.lang.String,java.lang.String,java.lang.String,java.lang.String,java.lang.String,java.lang.String,java.lang.String,java.lang.String,java.lang.String)[pri:4, instance:com.kpi.testcases.RegistrationPageTest@8297b3a]" started-at="2025-03-11T23:05:03 IST" name="testRegistrationPage" data-provider="registrationTestData" finished-at="2025-03-11T23:05:09 IST" duration-ms="6643" status="FAIL">
          <params>
            <param index="0">
              <value>
                <![CDATA[blankFullName]]>
              </value>
            </param>
            <param index="1">
              <value>
                <![CDATA[  ]]>
              </value>
            </param>
            <param index="2">
              <value>
                <![CDATA[amit.sharma@yopmail.com]]>
              </value>
            </param>
            <param index="3">
              <value>
                <![CDATA[Test@1234]]>
              </value>
            </param>
            <param index="4">
              <value>
                <![CDATA[Test@1234]]>
              </value>
            </param>
            <param index="5">
              <value>
                <![CDATA[9988776655]]>
              </value>
            </param>
            <param index="6">
              <value>
                <![CDATA[TechCorp]]>
              </value>
            </param>
            <param index="7">
              <value>
                <![CDATA[Automation_Testing]]>
              </value>
            </param>
            <param index="8">
              <value>
                <![CDATA[USA]]>
              </value>
            </param>
          </params>
          <exception class="java.lang.AssertionError">
            <message>
              <![CDATA[The following asserts failed:
Scenario 'blankFullName' is not recognized or implemented.]]>
            </message>
            <full-stacktrace>
              <![CDATA[java.lang.AssertionError: The following asserts failed:
Scenario 'blankFullName' is not recognized or implemented.
at org.testng.asserts.SoftAssert.assertAll(SoftAssert.java:46)
at org.testng.asserts.SoftAssert.assertAll(SoftAssert.java:30)
at com.kpi.testcases.RegistrationPageTest.testRegistrationPage(RegistrationPageTest.java:188)
at java.base/jdk.internal.reflect.DirectMethodHandleAccessor.invoke(DirectMethodHandleAccessor.java:103)
at java.base/java.lang.reflect.Method.invoke(Method.java:580)
at org.testng.internal.invokers.MethodInvocationHelper.invokeMethod(MethodInvocationHelper.java:141)
at org.testng.internal.invokers.TestInvoker.invokeMethod(TestInvoker.java:686)
at org.testng.internal.invokers.TestInvoker.invokeTestMethod(TestInvoker.java:230)
at org.testng.internal.invokers.MethodRunner.runInSequence(MethodRunner.java:63)
at org.testng.internal.invokers.TestInvoker$MethodInvocationAgent.invoke(TestInvoker.java:992)
at org.testng.internal.invokers.TestInvoker.invokeTestMethods(TestInvoker.java:203)
at org.testng.internal.invokers.TestMethodWorker.invokeTestMethods(TestMethodWorker.java:154)
at org.testng.internal.invokers.TestMethodWorker.run(TestMethodWorker.java:134)
at java.base/java.util.ArrayList.forEach(ArrayList.java:1597)
at org.testng.TestRunner.privateRun(TestRunner.java:739)
at org.testng.TestRunner.run(TestRunner.java:614)
at org.testng.SuiteRunner.runTest(SuiteRunner.java:421)
at org.testng.SuiteRunner.runSequentially(SuiteRunner.java:413)
at org.testng.SuiteRunner.privateRun(SuiteRunner.java:373)
at org.testng.SuiteRunner.run(SuiteRunner.java:312)
at org.testng.SuiteRunnerWorker.runSuite(SuiteRunnerWorker.java:52)
at org.testng.SuiteRunnerWorker.run(SuiteRunnerWorker.java:95)
at org.testng.TestNG.runSuitesSequentially(TestNG.java:1274)
at org.testng.TestNG.runSuitesLocally(TestNG.java:1208)
at org.testng.TestNG.runSuites(TestNG.java:1112)
at org.testng.TestNG.run(TestNG.java:1079)
at org.testng.remote.AbstractRemoteTestNG.run(AbstractRemoteTestNG.java:115)
at org.testng.remote.RemoteTestNG.initAndRun(RemoteTestNG.java:293)
at org.testng.remote.RemoteTestNG.main(RemoteTestNG.java:91)
]]>
            </full-stacktrace>
          </exception> <!-- java.lang.AssertionError -->
          <reporter-output>
          </reporter-output>
        </test-method> <!-- testRegistrationPage -->
        <test-method signature="testRegistrationPage(java.lang.String,java.lang.String,java.lang.String,java.lang.String,java.lang.String,java.lang.String,java.lang.String,java.lang.String,java.lang.String)[pri:4, instance:com.kpi.testcases.RegistrationPageTest@8297b3a]" started-at="2025-03-11T23:05:09 IST" name="testRegistrationPage" data-provider="registrationTestData" finished-at="2025-03-11T23:05:16 IST" duration-ms="6485" status="FAIL">
          <params>
            <param index="0">
              <value>
                <![CDATA[invalidEmail]]>
              </value>
            </param>
            <param index="1">
              <value>
                <![CDATA[Amit Sharma]]>
              </value>
            </param>
            <param index="2">
              <value>
                <![CDATA[amit.sharma]]>
              </value>
            </param>
            <param index="3">
              <value>
                <![CDATA[Test@1234]]>
              </value>
            </param>
            <param index="4">
              <value>
                <![CDATA[Test@1234]]>
              </value>
            </param>
            <param index="5">
              <value>
                <![CDATA[9988776655]]>
              </value>
            </param>
            <param index="6">
              <value>
                <![CDATA[TechCorp]]>
              </value>
            </param>
            <param index="7">
              <value>
                <![CDATA[Automation_Testing]]>
              </value>
            </param>
            <param index="8">
              <value>
                <![CDATA[USA]]>
              </value>
            </param>
          </params>
          <exception class="java.lang.AssertionError">
            <message>
              <![CDATA[The following asserts failed:
Scenario 'blankFullName' is not recognized or implemented.,
Scenario 'invalidEmail' is not recognized or implemented.]]>
            </message>
            <full-stacktrace>
              <![CDATA[java.lang.AssertionError: The following asserts failed:
Scenario 'blankFullName' is not recognized or implemented.,
Scenario 'invalidEmail' is not recognized or implemented.
at org.testng.asserts.SoftAssert.assertAll(SoftAssert.java:46)
at org.testng.asserts.SoftAssert.assertAll(SoftAssert.java:30)
at com.kpi.testcases.RegistrationPageTest.testRegistrationPage(RegistrationPageTest.java:188)
at java.base/jdk.internal.reflect.DirectMethodHandleAccessor.invoke(DirectMethodHandleAccessor.java:103)
at java.base/java.lang.reflect.Method.invoke(Method.java:580)
at org.testng.internal.invokers.MethodInvocationHelper.invokeMethod(MethodInvocationHelper.java:141)
at org.testng.internal.invokers.TestInvoker.invokeMethod(TestInvoker.java:686)
at org.testng.internal.invokers.TestInvoker.invokeTestMethod(TestInvoker.java:230)
at org.testng.internal.invokers.MethodRunner.runInSequence(MethodRunner.java:63)
at org.testng.internal.invokers.TestInvoker$MethodInvocationAgent.invoke(TestInvoker.java:992)
at org.testng.internal.invokers.TestInvoker.invokeTestMethods(TestInvoker.java:203)
at org.testng.internal.invokers.TestMethodWorker.invokeTestMethods(TestMethodWorker.java:154)
at org.testng.internal.invokers.TestMethodWorker.run(TestMethodWorker.java:134)
at java.base/java.util.ArrayList.forEach(ArrayList.java:1597)
at org.testng.TestRunner.privateRun(TestRunner.java:739)
at org.testng.TestRunner.run(TestRunner.java:614)
at org.testng.SuiteRunner.runTest(SuiteRunner.java:421)
at org.testng.SuiteRunner.runSequentially(SuiteRunner.java:413)
at org.testng.SuiteRunner.privateRun(SuiteRunner.java:373)
at org.testng.SuiteRunner.run(SuiteRunner.java:312)
at org.testng.SuiteRunnerWorker.runSuite(SuiteRunnerWorker.java:52)
at org.testng.SuiteRunnerWorker.run(SuiteRunnerWorker.java:95)
at org.testng.TestNG.runSuitesSequentially(TestNG.java:1274)
at org.testng.TestNG.runSuitesLocally(TestNG.java:1208)
at org.testng.TestNG.runSuites(TestNG.java:1112)
at org.testng.TestNG.run(TestNG.java:1079)
at org.testng.remote.AbstractRemoteTestNG.run(AbstractRemoteTestNG.java:115)
at org.testng.remote.RemoteTestNG.initAndRun(RemoteTestNG.java:293)
at org.testng.remote.RemoteTestNG.main(RemoteTestNG.java:91)
]]>
            </full-stacktrace>
          </exception> <!-- java.lang.AssertionError -->
          <reporter-output>
          </reporter-output>
        </test-method> <!-- testRegistrationPage -->
        <test-method signature="testRegistrationPage(java.lang.String,java.lang.String,java.lang.String,java.lang.String,java.lang.String,java.lang.String,java.lang.String,java.lang.String,java.lang.String)[pri:4, instance:com.kpi.testcases.RegistrationPageTest@8297b3a]" started-at="2025-03-11T23:05:16 IST" name="testRegistrationPage" data-provider="registrationTestData" finished-at="2025-03-11T23:05:22 IST" duration-ms="6450" status="FAIL">
          <params>
            <param index="0">
              <value>
                <![CDATA[blankEmail]]>
              </value>
            </param>
            <param index="1">
              <value>
                <![CDATA[Amit Sharma]]>
              </value>
            </param>
            <param index="2">
              <value>
                <![CDATA[    ]]>
              </value>
            </param>
            <param index="3">
              <value>
                <![CDATA[Test@1234]]>
              </value>
            </param>
            <param index="4">
              <value>
                <![CDATA[Test@1234]]>
              </value>
            </param>
            <param index="5">
              <value>
                <![CDATA[9988776655]]>
              </value>
            </param>
            <param index="6">
              <value>
                <![CDATA[TechCorp]]>
              </value>
            </param>
            <param index="7">
              <value>
                <![CDATA[Automation_Testing]]>
              </value>
            </param>
            <param index="8">
              <value>
                <![CDATA[USA]]>
              </value>
            </param>
          </params>
          <exception class="java.lang.AssertionError">
            <message>
              <![CDATA[The following asserts failed:
Scenario 'blankFullName' is not recognized or implemented.,
Scenario 'invalidEmail' is not recognized or implemented.,
Scenario 'blankEmail' is not recognized or implemented.]]>
            </message>
            <full-stacktrace>
              <![CDATA[java.lang.AssertionError: The following asserts failed:
Scenario 'blankFullName' is not recognized or implemented.,
Scenario 'invalidEmail' is not recognized or implemented.,
Scenario 'blankEmail' is not recognized or implemented.
at org.testng.asserts.SoftAssert.assertAll(SoftAssert.java:46)
at org.testng.asserts.SoftAssert.assertAll(SoftAssert.java:30)
at com.kpi.testcases.RegistrationPageTest.testRegistrationPage(RegistrationPageTest.java:188)
at java.base/jdk.internal.reflect.DirectMethodHandleAccessor.invoke(DirectMethodHandleAccessor.java:103)
at java.base/java.lang.reflect.Method.invoke(Method.java:580)
at org.testng.internal.invokers.MethodInvocationHelper.invokeMethod(MethodInvocationHelper.java:141)
at org.testng.internal.invokers.TestInvoker.invokeMethod(TestInvoker.java:686)
at org.testng.internal.invokers.TestInvoker.invokeTestMethod(TestInvoker.java:230)
at org.testng.internal.invokers.MethodRunner.runInSequence(MethodRunner.java:63)
at org.testng.internal.invokers.TestInvoker$MethodInvocationAgent.invoke(TestInvoker.java:992)
at org.testng.internal.invokers.TestInvoker.invokeTestMethods(TestInvoker.java:203)
at org.testng.internal.invokers.TestMethodWorker.invokeTestMethods(TestMethodWorker.java:154)
at org.testng.internal.invokers.TestMethodWorker.run(TestMethodWorker.java:134)
at java.base/java.util.ArrayList.forEach(ArrayList.java:1597)
at org.testng.TestRunner.privateRun(TestRunner.java:739)
at org.testng.TestRunner.run(TestRunner.java:614)
at org.testng.SuiteRunner.runTest(SuiteRunner.java:421)
at org.testng.SuiteRunner.runSequentially(SuiteRunner.java:413)
at org.testng.SuiteRunner.privateRun(SuiteRunner.java:373)
at org.testng.SuiteRunner.run(SuiteRunner.java:312)
at org.testng.SuiteRunnerWorker.runSuite(SuiteRunnerWorker.java:52)
at org.testng.SuiteRunnerWorker.run(SuiteRunnerWorker.java:95)
at org.testng.TestNG.runSuitesSequentially(TestNG.java:1274)
at org.testng.TestNG.runSuitesLocally(TestNG.java:1208)
at org.testng.TestNG.runSuites(TestNG.java:1112)
at org.testng.TestNG.run(TestNG.java:1079)
at org.testng.remote.AbstractRemoteTestNG.run(AbstractRemoteTestNG.java:115)
at org.testng.remote.RemoteTestNG.initAndRun(RemoteTestNG.java:293)
at org.testng.remote.RemoteTestNG.main(RemoteTestNG.java:91)
]]>
            </full-stacktrace>
          </exception> <!-- java.lang.AssertionError -->
          <reporter-output>
          </reporter-output>
        </test-method> <!-- testRegistrationPage -->
        <test-method signature="testRegistrationPage(java.lang.String,java.lang.String,java.lang.String,java.lang.String,java.lang.String,java.lang.String,java.lang.String,java.lang.String,java.lang.String)[pri:4, instance:com.kpi.testcases.RegistrationPageTest@8297b3a]" started-at="2025-03-11T23:05:22 IST" name="testRegistrationPage" data-provider="registrationTestData" finished-at="2025-03-11T23:05:29 IST" duration-ms="6659" status="FAIL">
          <params>
            <param index="0">
              <value>
                <![CDATA[blankPassword]]>
              </value>
            </param>
            <param index="1">
              <value>
                <![CDATA[Amit Sharma]]>
              </value>
            </param>
            <param index="2">
              <value>
                <![CDATA[amit.sharma@yopmail.com]]>
              </value>
            </param>
            <param index="3">
              <value>
                <![CDATA[   ]]>
              </value>
            </param>
            <param index="4">
              <value>
                <![CDATA[Test@1234]]>
              </value>
            </param>
            <param index="5">
              <value>
                <![CDATA[9988776655]]>
              </value>
            </param>
            <param index="6">
              <value>
                <![CDATA[TechCorp]]>
              </value>
            </param>
            <param index="7">
              <value>
                <![CDATA[Automation_Testing]]>
              </value>
            </param>
            <param index="8">
              <value>
                <![CDATA[USA]]>
              </value>
            </param>
          </params>
          <exception class="java.lang.AssertionError">
            <message>
              <![CDATA[The following asserts failed:
Scenario 'blankFullName' is not recognized or implemented.,
Scenario 'invalidEmail' is not recognized or implemented.,
Scenario 'blankEmail' is not recognized or implemented.,
Scenario 'blankPassword' is not recognized or implemented.]]>
            </message>
            <full-stacktrace>
              <![CDATA[java.lang.AssertionError: The following asserts failed:
Scenario 'blankFullName' is not recognized or implemented.,
Scenario 'invalidEmail' is not recognized or implemented.,
Scenario 'blankEmail' is not recognized or implemented.,
Scenario 'blankPassword' is not recognized or implemented.
at org.testng.asserts.SoftAssert.assertAll(SoftAssert.java:46)
at org.testng.asserts.SoftAssert.assertAll(SoftAssert.java:30)
at com.kpi.testcases.RegistrationPageTest.testRegistrationPage(RegistrationPageTest.java:188)
at java.base/jdk.internal.reflect.DirectMethodHandleAccessor.invoke(DirectMethodHandleAccessor.java:103)
at java.base/java.lang.reflect.Method.invoke(Method.java:580)
at org.testng.internal.invokers.MethodInvocationHelper.invokeMethod(MethodInvocationHelper.java:141)
at org.testng.internal.invokers.TestInvoker.invokeMethod(TestInvoker.java:686)
at org.testng.internal.invokers.TestInvoker.invokeTestMethod(TestInvoker.java:230)
at org.testng.internal.invokers.MethodRunner.runInSequence(MethodRunner.java:63)
at org.testng.internal.invokers.TestInvoker$MethodInvocationAgent.invoke(TestInvoker.java:992)
at org.testng.internal.invokers.TestInvoker.invokeTestMethods(TestInvoker.java:203)
at org.testng.internal.invokers.TestMethodWorker.invokeTestMethods(TestMethodWorker.java:154)
at org.testng.internal.invokers.TestMethodWorker.run(TestMethodWorker.java:134)
at java.base/java.util.ArrayList.forEach(ArrayList.java:1597)
at org.testng.TestRunner.privateRun(TestRunner.java:739)
at org.testng.TestRunner.run(TestRunner.java:614)
at org.testng.SuiteRunner.runTest(SuiteRunner.java:421)
at org.testng.SuiteRunner.runSequentially(SuiteRunner.java:413)
at org.testng.SuiteRunner.privateRun(SuiteRunner.java:373)
at org.testng.SuiteRunner.run(SuiteRunner.java:312)
at org.testng.SuiteRunnerWorker.runSuite(SuiteRunnerWorker.java:52)
at org.testng.SuiteRunnerWorker.run(SuiteRunnerWorker.java:95)
at org.testng.TestNG.runSuitesSequentially(TestNG.java:1274)
at org.testng.TestNG.runSuitesLocally(TestNG.java:1208)
at org.testng.TestNG.runSuites(TestNG.java:1112)
at org.testng.TestNG.run(TestNG.java:1079)
at org.testng.remote.AbstractRemoteTestNG.run(AbstractRemoteTestNG.java:115)
at org.testng.remote.RemoteTestNG.initAndRun(RemoteTestNG.java:293)
at org.testng.remote.RemoteTestNG.main(RemoteTestNG.java:91)
]]>
            </full-stacktrace>
          </exception> <!-- java.lang.AssertionError -->
          <reporter-output>
          </reporter-output>
        </test-method> <!-- testRegistrationPage -->
        <test-method signature="testRegistrationPage(java.lang.String,java.lang.String,java.lang.String,java.lang.String,java.lang.String,java.lang.String,java.lang.String,java.lang.String,java.lang.String)[pri:4, instance:com.kpi.testcases.RegistrationPageTest@8297b3a]" started-at="2025-03-11T23:05:29 IST" name="testRegistrationPage" data-provider="registrationTestData" finished-at="2025-03-11T23:05:36 IST" duration-ms="6704" status="FAIL">
          <params>
            <param index="0">
              <value>
                <![CDATA[blankConfirmPassword]]>
              </value>
            </param>
            <param index="1">
              <value>
                <![CDATA[Amit Sharma]]>
              </value>
            </param>
            <param index="2">
              <value>
                <![CDATA[amit.sharma@yopmail.com]]>
              </value>
            </param>
            <param index="3">
              <value>
                <![CDATA[Test@1234]]>
              </value>
            </param>
            <param index="4">
              <value>
                <![CDATA[   ]]>
              </value>
            </param>
            <param index="5">
              <value>
                <![CDATA[9988776655]]>
              </value>
            </param>
            <param index="6">
              <value>
                <![CDATA[TechCorp]]>
              </value>
            </param>
            <param index="7">
              <value>
                <![CDATA[Automation_Testing]]>
              </value>
            </param>
            <param index="8">
              <value>
                <![CDATA[USA]]>
              </value>
            </param>
          </params>
          <exception class="java.lang.AssertionError">
            <message>
              <![CDATA[The following asserts failed:
Scenario 'blankFullName' is not recognized or implemented.,
Scenario 'invalidEmail' is not recognized or implemented.,
Scenario 'blankEmail' is not recognized or implemented.,
Scenario 'blankPassword' is not recognized or implemented.,
Scenario 'blankConfirmPassword' is not recognized or implemented.]]>
            </message>
            <full-stacktrace>
              <![CDATA[java.lang.AssertionError: The following asserts failed:
Scenario 'blankFullName' is not recognized or implemented.,
Scenario 'invalidEmail' is not recognized or implemented.,
Scenario 'blankEmail' is not recognized or implemented.,
Scenario 'blankPassword' is not recognized or implemented.,
Scenario 'blankConfirmPassword' is not recognized or implemented.
at org.testng.asserts.SoftAssert.assertAll(SoftAssert.java:46)
at org.testng.asserts.SoftAssert.assertAll(SoftAssert.java:30)
at com.kpi.testcases.RegistrationPageTest.testRegistrationPage(RegistrationPageTest.java:188)
at java.base/jdk.internal.reflect.DirectMethodHandleAccessor.invoke(DirectMethodHandleAccessor.java:103)
at java.base/java.lang.reflect.Method.invoke(Method.java:580)
at org.testng.internal.invokers.MethodInvocationHelper.invokeMethod(MethodInvocationHelper.java:141)
at org.testng.internal.invokers.TestInvoker.invokeMethod(TestInvoker.java:686)
at org.testng.internal.invokers.TestInvoker.invokeTestMethod(TestInvoker.java:230)
at org.testng.internal.invokers.MethodRunner.runInSequence(MethodRunner.java:63)
at org.testng.internal.invokers.TestInvoker$MethodInvocationAgent.invoke(TestInvoker.java:992)
at org.testng.internal.invokers.TestInvoker.invokeTestMethods(TestInvoker.java:203)
at org.testng.internal.invokers.TestMethodWorker.invokeTestMethods(TestMethodWorker.java:154)
at org.testng.internal.invokers.TestMethodWorker.run(TestMethodWorker.java:134)
at java.base/java.util.ArrayList.forEach(ArrayList.java:1597)
at org.testng.TestRunner.privateRun(TestRunner.java:739)
at org.testng.TestRunner.run(TestRunner.java:614)
at org.testng.SuiteRunner.runTest(SuiteRunner.java:421)
at org.testng.SuiteRunner.runSequentially(SuiteRunner.java:413)
at org.testng.SuiteRunner.privateRun(SuiteRunner.java:373)
at org.testng.SuiteRunner.run(SuiteRunner.java:312)
at org.testng.SuiteRunnerWorker.runSuite(SuiteRunnerWorker.java:52)
at org.testng.SuiteRunnerWorker.run(SuiteRunnerWorker.java:95)
at org.testng.TestNG.runSuitesSequentially(TestNG.java:1274)
at org.testng.TestNG.runSuitesLocally(TestNG.java:1208)
at org.testng.TestNG.runSuites(TestNG.java:1112)
at org.testng.TestNG.run(TestNG.java:1079)
at org.testng.remote.AbstractRemoteTestNG.run(AbstractRemoteTestNG.java:115)
at org.testng.remote.RemoteTestNG.initAndRun(RemoteTestNG.java:293)
at org.testng.remote.RemoteTestNG.main(RemoteTestNG.java:91)
]]>
            </full-stacktrace>
          </exception> <!-- java.lang.AssertionError -->
          <reporter-output>
          </reporter-output>
        </test-method> <!-- testRegistrationPage -->
        <test-method signature="testRegistrationPage(java.lang.String,java.lang.String,java.lang.String,java.lang.String,java.lang.String,java.lang.String,java.lang.String,java.lang.String,java.lang.String)[pri:4, instance:com.kpi.testcases.RegistrationPageTest@8297b3a]" started-at="2025-03-11T23:05:36 IST" name="testRegistrationPage" data-provider="registrationTestData" finished-at="2025-03-11T23:05:42 IST" duration-ms="6586" status="FAIL">
          <params>
            <param index="0">
              <value>
                <![CDATA[blankMobileNumber]]>
              </value>
            </param>
            <param index="1">
              <value>
                <![CDATA[Amit Sharma]]>
              </value>
            </param>
            <param index="2">
              <value>
                <![CDATA[amit.sharma@yopmail.com]]>
              </value>
            </param>
            <param index="3">
              <value>
                <![CDATA[Test@1234]]>
              </value>
            </param>
            <param index="4">
              <value>
                <![CDATA[Test@1234]]>
              </value>
            </param>
            <param index="5">
              <value>
                <![CDATA[   ]]>
              </value>
            </param>
            <param index="6">
              <value>
                <![CDATA[TechCorp]]>
              </value>
            </param>
            <param index="7">
              <value>
                <![CDATA[Automation_Testing]]>
              </value>
            </param>
            <param index="8">
              <value>
                <![CDATA[USA]]>
              </value>
            </param>
          </params>
          <exception class="java.lang.AssertionError">
            <message>
              <![CDATA[The following asserts failed:
Scenario 'blankFullName' is not recognized or implemented.,
Scenario 'invalidEmail' is not recognized or implemented.,
Scenario 'blankEmail' is not recognized or implemented.,
Scenario 'blankPassword' is not recognized or implemented.,
Scenario 'blankConfirmPassword' is not recognized or implemented.,
Scenario 'blankMobileNumber' is not recognized or implemented.]]>
            </message>
            <full-stacktrace>
              <![CDATA[java.lang.AssertionError: The following asserts failed:
Scenario 'blankFullName' is not recognized or implemented.,
Scenario 'invalidEmail' is not recognized or implemented.,
Scenario 'blankEmail' is not recognized or implemented.,
Scenario 'blankPassword' is not recognized or implemented.,
Scenario 'blankConfirmPassword' is not recognized or implemented.,
Scenario 'blankMobileNumber' is not recognized or implemented.
at org.testng.asserts.SoftAssert.assertAll(SoftAssert.java:46)
at org.testng.asserts.SoftAssert.assertAll(SoftAssert.java:30)
at com.kpi.testcases.RegistrationPageTest.testRegistrationPage(RegistrationPageTest.java:188)
at java.base/jdk.internal.reflect.DirectMethodHandleAccessor.invoke(DirectMethodHandleAccessor.java:103)
at java.base/java.lang.reflect.Method.invoke(Method.java:580)
at org.testng.internal.invokers.MethodInvocationHelper.invokeMethod(MethodInvocationHelper.java:141)
at org.testng.internal.invokers.TestInvoker.invokeMethod(TestInvoker.java:686)
at org.testng.internal.invokers.TestInvoker.invokeTestMethod(TestInvoker.java:230)
at org.testng.internal.invokers.MethodRunner.runInSequence(MethodRunner.java:63)
at org.testng.internal.invokers.TestInvoker$MethodInvocationAgent.invoke(TestInvoker.java:992)
at org.testng.internal.invokers.TestInvoker.invokeTestMethods(TestInvoker.java:203)
at org.testng.internal.invokers.TestMethodWorker.invokeTestMethods(TestMethodWorker.java:154)
at org.testng.internal.invokers.TestMethodWorker.run(TestMethodWorker.java:134)
at java.base/java.util.ArrayList.forEach(ArrayList.java:1597)
at org.testng.TestRunner.privateRun(TestRunner.java:739)
at org.testng.TestRunner.run(TestRunner.java:614)
at org.testng.SuiteRunner.runTest(SuiteRunner.java:421)
at org.testng.SuiteRunner.runSequentially(SuiteRunner.java:413)
at org.testng.SuiteRunner.privateRun(SuiteRunner.java:373)
at org.testng.SuiteRunner.run(SuiteRunner.java:312)
at org.testng.SuiteRunnerWorker.runSuite(SuiteRunnerWorker.java:52)
at org.testng.SuiteRunnerWorker.run(SuiteRunnerWorker.java:95)
at org.testng.TestNG.runSuitesSequentially(TestNG.java:1274)
at org.testng.TestNG.runSuitesLocally(TestNG.java:1208)
at org.testng.TestNG.runSuites(TestNG.java:1112)
at org.testng.TestNG.run(TestNG.java:1079)
at org.testng.remote.AbstractRemoteTestNG.run(AbstractRemoteTestNG.java:115)
at org.testng.remote.RemoteTestNG.initAndRun(RemoteTestNG.java:293)
at org.testng.remote.RemoteTestNG.main(RemoteTestNG.java:91)
]]>
            </full-stacktrace>
          </exception> <!-- java.lang.AssertionError -->
          <reporter-output>
          </reporter-output>
        </test-method> <!-- testRegistrationPage -->
        <test-method signature="testRegistrationPage(java.lang.String,java.lang.String,java.lang.String,java.lang.String,java.lang.String,java.lang.String,java.lang.String,java.lang.String,java.lang.String)[pri:4, instance:com.kpi.testcases.RegistrationPageTest@8297b3a]" started-at="2025-03-11T23:05:42 IST" name="testRegistrationPage" data-provider="registrationTestData" finished-at="2025-03-11T23:05:49 IST" duration-ms="6439" status="FAIL">
          <params>
            <param index="0">
              <value>
                <![CDATA[blankOrgName]]>
              </value>
            </param>
            <param index="1">
              <value>
                <![CDATA[Amit Sharma]]>
              </value>
            </param>
            <param index="2">
              <value>
                <![CDATA[amit.sharma@yopmail.com]]>
              </value>
            </param>
            <param index="3">
              <value>
                <![CDATA[Test@1234]]>
              </value>
            </param>
            <param index="4">
              <value>
                <![CDATA[Test@1234]]>
              </value>
            </param>
            <param index="5">
              <value>
                <![CDATA[9988776655]]>
              </value>
            </param>
            <param index="6">
              <value>
                <![CDATA[   ]]>
              </value>
            </param>
            <param index="7">
              <value>
                <![CDATA[Automation_Testing]]>
              </value>
            </param>
            <param index="8">
              <value>
                <![CDATA[USA]]>
              </value>
            </param>
          </params>
          <exception class="java.lang.AssertionError">
            <message>
              <![CDATA[The following asserts failed:
Scenario 'blankFullName' is not recognized or implemented.,
Scenario 'invalidEmail' is not recognized or implemented.,
Scenario 'blankEmail' is not recognized or implemented.,
Scenario 'blankPassword' is not recognized or implemented.,
Scenario 'blankConfirmPassword' is not recognized or implemented.,
Scenario 'blankMobileNumber' is not recognized or implemented.,
Scenario 'blankOrgName' is not recognized or implemented.]]>
            </message>
            <full-stacktrace>
              <![CDATA[java.lang.AssertionError: The following asserts failed:
Scenario 'blankFullName' is not recognized or implemented.,
Scenario 'invalidEmail' is not recognized or implemented.,
Scenario 'blankEmail' is not recognized or implemented.,
Scenario 'blankPassword' is not recognized or implemented.,
Scenario 'blankConfirmPassword' is not recognized or implemented.,
Scenario 'blankMobileNumber' is not recognized or implemented.,
Scenario 'blankOrgName' is not recognized or implemented.
at org.testng.asserts.SoftAssert.assertAll(SoftAssert.java:46)
at org.testng.asserts.SoftAssert.assertAll(SoftAssert.java:30)
at com.kpi.testcases.RegistrationPageTest.testRegistrationPage(RegistrationPageTest.java:188)
at java.base/jdk.internal.reflect.DirectMethodHandleAccessor.invoke(DirectMethodHandleAccessor.java:103)
at java.base/java.lang.reflect.Method.invoke(Method.java:580)
at org.testng.internal.invokers.MethodInvocationHelper.invokeMethod(MethodInvocationHelper.java:141)
at org.testng.internal.invokers.TestInvoker.invokeMethod(TestInvoker.java:686)
at org.testng.internal.invokers.TestInvoker.invokeTestMethod(TestInvoker.java:230)
at org.testng.internal.invokers.MethodRunner.runInSequence(MethodRunner.java:63)
at org.testng.internal.invokers.TestInvoker$MethodInvocationAgent.invoke(TestInvoker.java:992)
at org.testng.internal.invokers.TestInvoker.invokeTestMethods(TestInvoker.java:203)
at org.testng.internal.invokers.TestMethodWorker.invokeTestMethods(TestMethodWorker.java:154)
at org.testng.internal.invokers.TestMethodWorker.run(TestMethodWorker.java:134)
at java.base/java.util.ArrayList.forEach(ArrayList.java:1597)
at org.testng.TestRunner.privateRun(TestRunner.java:739)
at org.testng.TestRunner.run(TestRunner.java:614)
at org.testng.SuiteRunner.runTest(SuiteRunner.java:421)
at org.testng.SuiteRunner.runSequentially(SuiteRunner.java:413)
at org.testng.SuiteRunner.privateRun(SuiteRunner.java:373)
at org.testng.SuiteRunner.run(SuiteRunner.java:312)
at org.testng.SuiteRunnerWorker.runSuite(SuiteRunnerWorker.java:52)
at org.testng.SuiteRunnerWorker.run(SuiteRunnerWorker.java:95)
at org.testng.TestNG.runSuitesSequentially(TestNG.java:1274)
at org.testng.TestNG.runSuitesLocally(TestNG.java:1208)
at org.testng.TestNG.runSuites(TestNG.java:1112)
at org.testng.TestNG.run(TestNG.java:1079)
at org.testng.remote.AbstractRemoteTestNG.run(AbstractRemoteTestNG.java:115)
at org.testng.remote.RemoteTestNG.initAndRun(RemoteTestNG.java:293)
at org.testng.remote.RemoteTestNG.main(RemoteTestNG.java:91)
]]>
            </full-stacktrace>
          </exception> <!-- java.lang.AssertionError -->
          <reporter-output>
          </reporter-output>
        </test-method> <!-- testRegistrationPage -->
        <test-method signature="testRegistrationPage(java.lang.String,java.lang.String,java.lang.String,java.lang.String,java.lang.String,java.lang.String,java.lang.String,java.lang.String,java.lang.String)[pri:4, instance:com.kpi.testcases.RegistrationPageTest@8297b3a]" started-at="2025-03-11T23:05:49 IST" name="testRegistrationPage" data-provider="registrationTestData" finished-at="2025-03-11T23:05:55 IST" duration-ms="6579" status="FAIL">
          <params>
            <param index="0">
              <value>
                <![CDATA[blankJobTitle]]>
              </value>
            </param>
            <param index="1">
              <value>
                <![CDATA[Amit Sharma]]>
              </value>
            </param>
            <param index="2">
              <value>
                <![CDATA[amit.sharma@yopmail.com]]>
              </value>
            </param>
            <param index="3">
              <value>
                <![CDATA[Test@1234]]>
              </value>
            </param>
            <param index="4">
              <value>
                <![CDATA[Test@1234]]>
              </value>
            </param>
            <param index="5">
              <value>
                <![CDATA[9988776655]]>
              </value>
            </param>
            <param index="6">
              <value>
                <![CDATA[TechCorp]]>
              </value>
            </param>
            <param index="7">
              <value>
                <![CDATA[   ]]>
              </value>
            </param>
            <param index="8">
              <value>
                <![CDATA[USA]]>
              </value>
            </param>
          </params>
          <exception class="java.lang.AssertionError">
            <message>
              <![CDATA[The following asserts failed:
Scenario 'blankFullName' is not recognized or implemented.,
Scenario 'invalidEmail' is not recognized or implemented.,
Scenario 'blankEmail' is not recognized or implemented.,
Scenario 'blankPassword' is not recognized or implemented.,
Scenario 'blankConfirmPassword' is not recognized or implemented.,
Scenario 'blankMobileNumber' is not recognized or implemented.,
Scenario 'blankOrgName' is not recognized or implemented.,
Scenario 'blankJobTitle' is not recognized or implemented.]]>
            </message>
            <full-stacktrace>
              <![CDATA[java.lang.AssertionError: The following asserts failed:
Scenario 'blankFullName' is not recognized or implemented.,
Scenario 'invalidEmail' is not recognized or implemented.,
Scenario 'blankEmail' is not recognized or implemented.,
Scenario 'blankPassword' is not recognized or implemented.,
Scenario 'blankConfirmPassword' is not recognized or implemented.,
Scenario 'blankMobileNumber' is not recognized or implemented.,
Scenario 'blankOrgName' is not recognized or implemented.,
Scenario 'blankJobTitle' is not recognized or implemented.
at org.testng.asserts.SoftAssert.assertAll(SoftAssert.java:46)
at org.testng.asserts.SoftAssert.assertAll(SoftAssert.java:30)
at com.kpi.testcases.RegistrationPageTest.testRegistrationPage(RegistrationPageTest.java:188)
at java.base/jdk.internal.reflect.DirectMethodHandleAccessor.invoke(DirectMethodHandleAccessor.java:103)
at java.base/java.lang.reflect.Method.invoke(Method.java:580)
at org.testng.internal.invokers.MethodInvocationHelper.invokeMethod(MethodInvocationHelper.java:141)
at org.testng.internal.invokers.TestInvoker.invokeMethod(TestInvoker.java:686)
at org.testng.internal.invokers.TestInvoker.invokeTestMethod(TestInvoker.java:230)
at org.testng.internal.invokers.MethodRunner.runInSequence(MethodRunner.java:63)
at org.testng.internal.invokers.TestInvoker$MethodInvocationAgent.invoke(TestInvoker.java:992)
at org.testng.internal.invokers.TestInvoker.invokeTestMethods(TestInvoker.java:203)
at org.testng.internal.invokers.TestMethodWorker.invokeTestMethods(TestMethodWorker.java:154)
at org.testng.internal.invokers.TestMethodWorker.run(TestMethodWorker.java:134)
at java.base/java.util.ArrayList.forEach(ArrayList.java:1597)
at org.testng.TestRunner.privateRun(TestRunner.java:739)
at org.testng.TestRunner.run(TestRunner.java:614)
at org.testng.SuiteRunner.runTest(SuiteRunner.java:421)
at org.testng.SuiteRunner.runSequentially(SuiteRunner.java:413)
at org.testng.SuiteRunner.privateRun(SuiteRunner.java:373)
at org.testng.SuiteRunner.run(SuiteRunner.java:312)
at org.testng.SuiteRunnerWorker.runSuite(SuiteRunnerWorker.java:52)
at org.testng.SuiteRunnerWorker.run(SuiteRunnerWorker.java:95)
at org.testng.TestNG.runSuitesSequentially(TestNG.java:1274)
at org.testng.TestNG.runSuitesLocally(TestNG.java:1208)
at org.testng.TestNG.runSuites(TestNG.java:1112)
at org.testng.TestNG.run(TestNG.java:1079)
at org.testng.remote.AbstractRemoteTestNG.run(AbstractRemoteTestNG.java:115)
at org.testng.remote.RemoteTestNG.initAndRun(RemoteTestNG.java:293)
at org.testng.remote.RemoteTestNG.main(RemoteTestNG.java:91)
]]>
            </full-stacktrace>
          </exception> <!-- java.lang.AssertionError -->
          <reporter-output>
          </reporter-output>
        </test-method> <!-- testRegistrationPage -->
        <test-method signature="testRegistrationPage(java.lang.String,java.lang.String,java.lang.String,java.lang.String,java.lang.String,java.lang.String,java.lang.String,java.lang.String,java.lang.String)[pri:4, instance:com.kpi.testcases.RegistrationPageTest@8297b3a]" started-at="2025-03-11T23:05:55 IST" name="testRegistrationPage" data-provider="registrationTestData" finished-at="2025-03-11T23:06:02 IST" duration-ms="6414" status="FAIL">
          <params>
            <param index="0">
              <value>
                <![CDATA[blankCountry]]>
              </value>
            </param>
            <param index="1">
              <value>
                <![CDATA[Amit Sharma]]>
              </value>
            </param>
            <param index="2">
              <value>
                <![CDATA[amit.sharma@yopmail.com]]>
              </value>
            </param>
            <param index="3">
              <value>
                <![CDATA[Test@1234]]>
              </value>
            </param>
            <param index="4">
              <value>
                <![CDATA[Test@1234]]>
              </value>
            </param>
            <param index="5">
              <value>
                <![CDATA[9988776655]]>
              </value>
            </param>
            <param index="6">
              <value>
                <![CDATA[TechCorp]]>
              </value>
            </param>
            <param index="7">
              <value>
                <![CDATA[Automation_Testing]]>
              </value>
            </param>
            <param index="8">
              <value>
                <![CDATA[   ]]>
              </value>
            </param>
          </params>
          <exception class="java.lang.AssertionError">
            <message>
              <![CDATA[The following asserts failed:
Scenario 'blankFullName' is not recognized or implemented.,
Scenario 'invalidEmail' is not recognized or implemented.,
Scenario 'blankEmail' is not recognized or implemented.,
Scenario 'blankPassword' is not recognized or implemented.,
Scenario 'blankConfirmPassword' is not recognized or implemented.,
Scenario 'blankMobileNumber' is not recognized or implemented.,
Scenario 'blankOrgName' is not recognized or implemented.,
Scenario 'blankJobTitle' is not recognized or implemented.,
Scenario 'blankCountry' is not recognized or implemented.]]>
            </message>
            <full-stacktrace>
              <![CDATA[java.lang.AssertionError: The following asserts failed:
Scenario 'blankFullName' is not recognized or implemented.,
Scenario 'invalidEmail' is not recognized or implemented.,
Scenario 'blankEmail' is not recognized or implemented.,
Scenario 'blankPassword' is not recognized or implemented.,
Scenario 'blankConfirmPassword' is not recognized or implemented.,
Scenario 'blankMobileNumber' is not recognized or implemented.,
Scenario 'blankOrgName' is not recognized or implemented.,
Scenario 'blankJobTitle' is not recognized or implemented.,
Scenario 'blankCountry' is not recognized or implemented.
at org.testng.asserts.SoftAssert.assertAll(SoftAssert.java:46)
at org.testng.asserts.SoftAssert.assertAll(SoftAssert.java:30)
at com.kpi.testcases.RegistrationPageTest.testRegistrationPage(RegistrationPageTest.java:188)
at java.base/jdk.internal.reflect.DirectMethodHandleAccessor.invoke(DirectMethodHandleAccessor.java:103)
at java.base/java.lang.reflect.Method.invoke(Method.java:580)
at org.testng.internal.invokers.MethodInvocationHelper.invokeMethod(MethodInvocationHelper.java:141)
at org.testng.internal.invokers.TestInvoker.invokeMethod(TestInvoker.java:686)
at org.testng.internal.invokers.TestInvoker.invokeTestMethod(TestInvoker.java:230)
at org.testng.internal.invokers.MethodRunner.runInSequence(MethodRunner.java:63)
at org.testng.internal.invokers.TestInvoker$MethodInvocationAgent.invoke(TestInvoker.java:992)
at org.testng.internal.invokers.TestInvoker.invokeTestMethods(TestInvoker.java:203)
at org.testng.internal.invokers.TestMethodWorker.invokeTestMethods(TestMethodWorker.java:154)
at org.testng.internal.invokers.TestMethodWorker.run(TestMethodWorker.java:134)
at java.base/java.util.ArrayList.forEach(ArrayList.java:1597)
at org.testng.TestRunner.privateRun(TestRunner.java:739)
at org.testng.TestRunner.run(TestRunner.java:614)
at org.testng.SuiteRunner.runTest(SuiteRunner.java:421)
at org.testng.SuiteRunner.runSequentially(SuiteRunner.java:413)
at org.testng.SuiteRunner.privateRun(SuiteRunner.java:373)
at org.testng.SuiteRunner.run(SuiteRunner.java:312)
at org.testng.SuiteRunnerWorker.runSuite(SuiteRunnerWorker.java:52)
at org.testng.SuiteRunnerWorker.run(SuiteRunnerWorker.java:95)
at org.testng.TestNG.runSuitesSequentially(TestNG.java:1274)
at org.testng.TestNG.runSuitesLocally(TestNG.java:1208)
at org.testng.TestNG.runSuites(TestNG.java:1112)
at org.testng.TestNG.run(TestNG.java:1079)
at org.testng.remote.AbstractRemoteTestNG.run(AbstractRemoteTestNG.java:115)
at org.testng.remote.RemoteTestNG.initAndRun(RemoteTestNG.java:293)
at org.testng.remote.RemoteTestNG.main(RemoteTestNG.java:91)
]]>
            </full-stacktrace>
          </exception> <!-- java.lang.AssertionError -->
          <reporter-output>
          </reporter-output>
        </test-method> <!-- testRegistrationPage -->
        <test-method signature="testRegistrationPage(java.lang.String,java.lang.String,java.lang.String,java.lang.String,java.lang.String,java.lang.String,java.lang.String,java.lang.String,java.lang.String)[pri:4, instance:com.kpi.testcases.RegistrationPageTest@8297b3a]" started-at="2025-03-11T23:06:02 IST" name="testRegistrationPage" data-provider="registrationTestData" finished-at="2025-03-11T23:06:08 IST" duration-ms="6651" status="FAIL">
          <params>
            <param index="0">
              <value>
                <![CDATA[mismatchPassword]]>
              </value>
            </param>
            <param index="1">
              <value>
                <![CDATA[Amit Sharma]]>
              </value>
            </param>
            <param index="2">
              <value>
                <![CDATA[amit.sharma@yopmail.com]]>
              </value>
            </param>
            <param index="3">
              <value>
                <![CDATA[Test@1234]]>
              </value>
            </param>
            <param index="4">
              <value>
                <![CDATA[Test@12347]]>
              </value>
            </param>
            <param index="5">
              <value>
                <![CDATA[9988776655]]>
              </value>
            </param>
            <param index="6">
              <value>
                <![CDATA[TechCorp]]>
              </value>
            </param>
            <param index="7">
              <value>
                <![CDATA[Automation_Testing]]>
              </value>
            </param>
            <param index="8">
              <value>
                <![CDATA[USA]]>
              </value>
            </param>
          </params>
          <exception class="java.lang.AssertionError">
            <message>
              <![CDATA[The following asserts failed:
Scenario 'blankFullName' is not recognized or implemented.,
Scenario 'invalidEmail' is not recognized or implemented.,
Scenario 'blankEmail' is not recognized or implemented.,
Scenario 'blankPassword' is not recognized or implemented.,
Scenario 'blankConfirmPassword' is not recognized or implemented.,
Scenario 'blankMobileNumber' is not recognized or implemented.,
Scenario 'blankOrgName' is not recognized or implemented.,
Scenario 'blankJobTitle' is not recognized or implemented.,
Scenario 'blankCountry' is not recognized or implemented.,
Scenario 'mismatchPassword' is not recognized or implemented.]]>
            </message>
            <full-stacktrace>
              <![CDATA[java.lang.AssertionError: The following asserts failed:
Scenario 'blankFullName' is not recognized or implemented.,
Scenario 'invalidEmail' is not recognized or implemented.,
Scenario 'blankEmail' is not recognized or implemented.,
Scenario 'blankPassword' is not recognized or implemented.,
Scenario 'blankConfirmPassword' is not recognized or implemented.,
Scenario 'blankMobileNumber' is not recognized or implemented.,
Scenario 'blankOrgName' is not recognized or implemented.,
Scenario 'blankJobTitle' is not recognized or implemented.,
Scenario 'blankCountry' is not recognized or implemented.,
Scenario 'mismatchPassword' is not recognized or implemented.
at org.testng.asserts.SoftAssert.assertAll(SoftAssert.java:46)
at org.testng.asserts.SoftAssert.assertAll(SoftAssert.java:30)
at com.kpi.testcases.RegistrationPageTest.testRegistrationPage(RegistrationPageTest.java:188)
at java.base/jdk.internal.reflect.DirectMethodHandleAccessor.invoke(DirectMethodHandleAccessor.java:103)
at java.base/java.lang.reflect.Method.invoke(Method.java:580)
at org.testng.internal.invokers.MethodInvocationHelper.invokeMethod(MethodInvocationHelper.java:141)
at org.testng.internal.invokers.TestInvoker.invokeMethod(TestInvoker.java:686)
at org.testng.internal.invokers.TestInvoker.invokeTestMethod(TestInvoker.java:230)
at org.testng.internal.invokers.MethodRunner.runInSequence(MethodRunner.java:63)
at org.testng.internal.invokers.TestInvoker$MethodInvocationAgent.invoke(TestInvoker.java:992)
at org.testng.internal.invokers.TestInvoker.invokeTestMethods(TestInvoker.java:203)
at org.testng.internal.invokers.TestMethodWorker.invokeTestMethods(TestMethodWorker.java:154)
at org.testng.internal.invokers.TestMethodWorker.run(TestMethodWorker.java:134)
at java.base/java.util.ArrayList.forEach(ArrayList.java:1597)
at org.testng.TestRunner.privateRun(TestRunner.java:739)
at org.testng.TestRunner.run(TestRunner.java:614)
at org.testng.SuiteRunner.runTest(SuiteRunner.java:421)
at org.testng.SuiteRunner.runSequentially(SuiteRunner.java:413)
at org.testng.SuiteRunner.privateRun(SuiteRunner.java:373)
at org.testng.SuiteRunner.run(SuiteRunner.java:312)
at org.testng.SuiteRunnerWorker.runSuite(SuiteRunnerWorker.java:52)
at org.testng.SuiteRunnerWorker.run(SuiteRunnerWorker.java:95)
at org.testng.TestNG.runSuitesSequentially(TestNG.java:1274)
at org.testng.TestNG.runSuitesLocally(TestNG.java:1208)
at org.testng.TestNG.runSuites(TestNG.java:1112)
at org.testng.TestNG.run(TestNG.java:1079)
at org.testng.remote.AbstractRemoteTestNG.run(AbstractRemoteTestNG.java:115)
at org.testng.remote.RemoteTestNG.initAndRun(RemoteTestNG.java:293)
at org.testng.remote.RemoteTestNG.main(RemoteTestNG.java:91)
]]>
            </full-stacktrace>
          </exception> <!-- java.lang.AssertionError -->
          <reporter-output>
          </reporter-output>
        </test-method> <!-- testRegistrationPage -->
        <test-method signature="testRegistrationPage(java.lang.String,java.lang.String,java.lang.String,java.lang.String,java.lang.String,java.lang.String,java.lang.String,java.lang.String,java.lang.String)[pri:4, instance:com.kpi.testcases.RegistrationPageTest@8297b3a]" started-at="2025-03-11T23:06:08 IST" name="testRegistrationPage" data-provider="registrationTestData" finished-at="2025-03-11T23:06:15 IST" duration-ms="6769" status="FAIL">
          <params>
            <param index="0">
              <value>
                <![CDATA[validData]]>
              </value>
            </param>
            <param index="1">
              <value>
                <![CDATA[Amit Sharma]]>
              </value>
            </param>
            <param index="2">
              <value>
                <![CDATA[amit.sharma@yopmail.com]]>
              </value>
            </param>
            <param index="3">
              <value>
                <![CDATA[Test@1234]]>
              </value>
            </param>
            <param index="4">
              <value>
                <![CDATA[Test@1234]]>
              </value>
            </param>
            <param index="5">
              <value>
                <![CDATA[9988776655]]>
              </value>
            </param>
            <param index="6">
              <value>
                <![CDATA[TechCorp]]>
              </value>
            </param>
            <param index="7">
              <value>
                <![CDATA[Automation_Testing]]>
              </value>
            </param>
            <param index="8">
              <value>
                <![CDATA[USA]]>
              </value>
            </param>
          </params>
          <exception class="java.lang.AssertionError">
            <message>
              <![CDATA[The following asserts failed:
Scenario 'blankFullName' is not recognized or implemented.,
Scenario 'invalidEmail' is not recognized or implemented.,
Scenario 'blankEmail' is not recognized or implemented.,
Scenario 'blankPassword' is not recognized or implemented.,
Scenario 'blankConfirmPassword' is not recognized or implemented.,
Scenario 'blankMobileNumber' is not recognized or implemented.,
Scenario 'blankOrgName' is not recognized or implemented.,
Scenario 'blankJobTitle' is not recognized or implemented.,
Scenario 'blankCountry' is not recognized or implemented.,
Scenario 'mismatchPassword' is not recognized or implemented.,
Scenario 'validData' is not recognized or implemented.]]>
            </message>
            <full-stacktrace>
              <![CDATA[java.lang.AssertionError: The following asserts failed:
Scenario 'blankFullName' is not recognized or implemented.,
Scenario 'invalidEmail' is not recognized or implemented.,
Scenario 'blankEmail' is not recognized or implemented.,
Scenario 'blankPassword' is not recognized or implemented.,
Scenario 'blankConfirmPassword' is not recognized or implemented.,
Scenario 'blankMobileNumber' is not recognized or implemented.,
Scenario 'blankOrgName' is not recognized or implemented.,
Scenario 'blankJobTitle' is not recognized or implemented.,
Scenario 'blankCountry' is not recognized or implemented.,
Scenario 'mismatchPassword' is not recognized or implemented.,
Scenario 'validData' is not recognized or implemented.
at org.testng.asserts.SoftAssert.assertAll(SoftAssert.java:46)
at org.testng.asserts.SoftAssert.assertAll(SoftAssert.java:30)
at com.kpi.testcases.RegistrationPageTest.testRegistrationPage(RegistrationPageTest.java:188)
at java.base/jdk.internal.reflect.DirectMethodHandleAccessor.invoke(DirectMethodHandleAccessor.java:103)
at java.base/java.lang.reflect.Method.invoke(Method.java:580)
at org.testng.internal.invokers.MethodInvocationHelper.invokeMethod(MethodInvocationHelper.java:141)
at org.testng.internal.invokers.TestInvoker.invokeMethod(TestInvoker.java:686)
at org.testng.internal.invokers.TestInvoker.invokeTestMethod(TestInvoker.java:230)
at org.testng.internal.invokers.MethodRunner.runInSequence(MethodRunner.java:63)
at org.testng.internal.invokers.TestInvoker$MethodInvocationAgent.invoke(TestInvoker.java:992)
at org.testng.internal.invokers.TestInvoker.invokeTestMethods(TestInvoker.java:203)
at org.testng.internal.invokers.TestMethodWorker.invokeTestMethods(TestMethodWorker.java:154)
at org.testng.internal.invokers.TestMethodWorker.run(TestMethodWorker.java:134)
at java.base/java.util.ArrayList.forEach(ArrayList.java:1597)
at org.testng.TestRunner.privateRun(TestRunner.java:739)
at org.testng.TestRunner.run(TestRunner.java:614)
at org.testng.SuiteRunner.runTest(SuiteRunner.java:421)
at org.testng.SuiteRunner.runSequentially(SuiteRunner.java:413)
at org.testng.SuiteRunner.privateRun(SuiteRunner.java:373)
at org.testng.SuiteRunner.run(SuiteRunner.java:312)
at org.testng.SuiteRunnerWorker.runSuite(SuiteRunnerWorker.java:52)
at org.testng.SuiteRunnerWorker.run(SuiteRunnerWorker.java:95)
at org.testng.TestNG.runSuitesSequentially(TestNG.java:1274)
at org.testng.TestNG.runSuitesLocally(TestNG.java:1208)
at org.testng.TestNG.runSuites(TestNG.java:1112)
at org.testng.TestNG.run(TestNG.java:1079)
at org.testng.remote.AbstractRemoteTestNG.run(AbstractRemoteTestNG.java:115)
at org.testng.remote.RemoteTestNG.initAndRun(RemoteTestNG.java:293)
at org.testng.remote.RemoteTestNG.main(RemoteTestNG.java:91)
]]>
            </full-stacktrace>
          </exception> <!-- java.lang.AssertionError -->
          <reporter-output>
          </reporter-output>
        </test-method> <!-- testRegistrationPage -->
        <test-method is-config="true" signature="closeBrowser()[pri:0, instance:com.kpi.testcases.RegistrationPageTest@8297b3a]" started-at="2025-03-11T23:06:15 IST" name="closeBrowser" finished-at="2025-03-11T23:06:15 IST" duration-ms="214" status="PASS">
          <reporter-output>
          </reporter-output>
        </test-method> <!-- closeBrowser -->
      </class> <!-- com.kpi.testcases.RegistrationPageTest -->
    </test> <!-- Default test -->
  </suite> <!-- Default suite -->
</testng-results>
