<?xml version="1.0" encoding="UTF-8"?>
<testng-results ignored="0" total="1" passed="1" failed="0" skipped="0">
  <reporter-output>
  </reporter-output>
  <suite started-at="2025-03-26T05:02:15 IST" name="Default suite" finished-at="2025-03-26T05:02:26 IST" duration-ms="10736">
    <groups>
    </groups>
    <test started-at="2025-03-26T05:02:15 IST" name="Default test" finished-at="2025-03-26T05:02:26 IST" duration-ms="10736">
      <class name="com.kpi.testcases.MyProfileTest">
        <test-method is-config="true" signature="launchBrowser()[pri:0, instance:com.kpi.testcases.MyProfileTest@10683d9d]" started-at="2025-03-26T05:02:15 IST" name="launchBrowser" finished-at="2025-03-26T05:02:24 IST" duration-ms="8905" status="PASS">
          <reporter-output>
          </reporter-output>
        </test-method> <!-- launchBrowser -->
        <test-method signature="myProfilePageLanding()[pri:1, instance:com.kpi.testcases.MyProfileTest@10683d9d]" started-at="2025-03-26T05:02:24 IST" name="myProfilePageLanding" finished-at="2025-03-26T05:02:26 IST" duration-ms="1693" status="PASS">
          <reporter-output>
          </reporter-output>
        </test-method> <!-- myProfilePageLanding -->
        <test-method is-config="true" signature="closeBrowser()[pri:0, instance:com.kpi.testcases.MyProfileTest@10683d9d]" started-at="2025-03-26T05:02:26 IST" name="closeBrowser" finished-at="2025-03-26T05:02:26 IST" duration-ms="114" status="PASS">
          <reporter-output>
          </reporter-output>
        </test-method> <!-- closeBrowser -->
      </class> <!-- com.kpi.testcases.MyProfileTest -->
    </test> <!-- Default test -->
  </suite> <!-- Default suite -->
</testng-results>
