<?xml version="1.0" encoding="UTF-8"?>
<!-- Generated by org.testng.reporters.JUnitReportReporter -->
<testsuite hostname="MacBookAir.lan" failures="0" tests="3" name="com.kpi.testcases.LoginPageTest" time="2.326" errors="0" timestamp="2025-03-16T04:21:28 IST" skipped="0">
  <testcase classname="com.kpi.testcases.LoginPageTest" name="lablefieldLogin" time="0.254"/>
  <testcase classname="com.kpi.testcases.LoginPageTest" name="loginPagebuttonclk" time="0.184"/>
  <testcase classname="com.kpi.testcases.LoginPageTest" name="test_Login" time="1.888"/>
</testsuite> <!-- com.kpi.testcases.LoginPageTest -->
