<?xml version="1.0" encoding="UTF-8"?>
<!-- Generated by org.testng.reporters.JUnitReportReporter -->
<testsuite hostname="MacBookAir.lan" failures="0" tests="4" name="com.kpi.testcases.ForgotPasswordTest" time="18.942" errors="0" timestamp="2025-03-16T04:20:09 IST" skipped="0">
  <testcase classname="com.kpi.testcases.ForgotPasswordTest" name="forgotPasswordclk" time="8.741"/>
  <testcase classname="com.kpi.testcases.ForgotPasswordTest" name="labelForgotPassword" time="0.160"/>
  <testcase classname="com.kpi.testcases.ForgotPasswordTest" name="unregisteredValidation" time="1.592"/>
  <testcase classname="com.kpi.testcases.ForgotPasswordTest" name="registeredEmailValidation" time="8.449"/>
</testsuite> <!-- com.kpi.testcases.ForgotPasswordTest -->
