<?xml version="1.0" encoding="UTF-8"?>
<!-- Generated by org.testng.reporters.JUnitReportReporter -->
<testsuite hostname="MacBookAir.lan" failures="0" tests="3" name="com.kpi.testcases.LoginPageTest" time="20.466" errors="0" timestamp="2025-04-13T02:32:06 IST" skipped="0">
  <testcase classname="com.kpi.testcases.LoginPageTest" name="lablefieldLogin" time="7.740"/>
  <testcase classname="com.kpi.testcases.LoginPageTest" name="loginPagebuttonclk" time="10.922"/>
  <testcase classname="com.kpi.testcases.LoginPageTest" name="test_Login" time="1.804"/>
</testsuite> <!-- com.kpi.testcases.LoginPageTest -->
