<?xml version="1.0" encoding="UTF-8"?>
<!-- Generated by org.testng.reporters.JUnitXMLReporter -->
<testsuite ignored="0" hostname="LAPTOP-63CFB551" failures="0" tests="2" name="Default test" time="9.84" errors="0" timestamp="2025-01-24T02:28:26 IST">
  <testcase classname="com.kpi.testcases.RegistrationPageTest" name="registrationPageLanding" time="0.379"/>
  <testcase classname="com.kpi.testcases.RegistrationPageTest" name="AddRegistrationWithoutData" time="0.244"/>
</testsuite> <!-- Default test -->
