<?xml version="1.0" encoding="UTF-8"?>
<!-- Generated by org.testng.reporters.JUnitXMLReporter -->
<testsuite ignored="0" hostname="MacBookAir.lan" failures="4" tests="21" name="Default test" time="178.483" errors="0" timestamp="2025-03-12T23:36:49 IST">
  <testcase classname="com.kpi.testcases.RegistrationPageTest" name="registrationPageLanding" time="11.06"/>
  <testcase classname="com.kpi.testcases.RegistrationPageTest" name="registrationPageBacktoLogin" time="0.093"/>
  <testcase classname="com.kpi.testcases.RegistrationPageTest" name="lableRegistrationPagefield" time="0.224"/>
  <testcase classname="com.kpi.testcases.RegistrationPageTest" name="addRegistrationWithoutData" time="0.194"/>
  <testcase classname="com.kpi.testcases.RegistrationPageTest" name="rpPasswordValidation" time="0.601"/>
  <testcase classname="com.kpi.testcases.RegistrationPageTest" name="mobileNoRp" time="10.701"/>
  <testcase classname="com.kpi.testcases.RegistrationPageTest" name="testRegistrationPage" time="16.854"/>
  <testcase classname="com.kpi.testcases.RegistrationPageTest" name="testRegistrationPage" time="10.83"/>
  <testcase classname="com.kpi.testcases.RegistrationPageTest" name="testRegistrationPage" time="9.966"/>
  <testcase classname="com.kpi.testcases.RegistrationPageTest" name="testRegistrationPage" time="10.437"/>
  <testcase classname="com.kpi.testcases.RegistrationPageTest" name="testRegistrationPage" time="9.049"/>
  <testcase classname="com.kpi.testcases.RegistrationPageTest" name="testRegistrationPage" time="7.456"/>
  <testcase classname="com.kpi.testcases.RegistrationPageTest" name="testRegistrationPage" time="8.155"/>
  <testcase classname="com.kpi.testcases.RegistrationPageTest" name="testRegistrationPage" time="8.4"/>
  <testcase classname="com.kpi.testcases.RegistrationPageTest" name="testRegistrationPage" time="11.312"/>
  <testcase classname="com.kpi.testcases.RegistrationPageTest" name="testRegistrationPage" time="13.459"/>
  <testcase classname="com.kpi.testcases.RegistrationPageTest" name="testRegistrationPage" time="11.634"/>
  <testcase classname="com.kpi.testcases.RegistrationPageTest" name="testRegistrationPage" time="8.336">
    <failure type="java.lang.AssertionError" message="The following asserts failed:
	Signup verification Title error is not matched expected [Verification - KPI Karta] but found [Register - KPI Karta]">
      <![CDATA[java.lang.AssertionError: The following asserts failed:
Signup verification Title error is not matched expected [Verification - KPI Karta] but found [Register - KPI Karta]
at org.testng.asserts.SoftAssert.assertAll(SoftAssert.java:46)
at org.testng.asserts.SoftAssert.assertAll(SoftAssert.java:30)
at com.kpi.testcases.RegistrationPageTest.testRegistrationPage(RegistrationPageTest.java:228)
at java.base/jdk.internal.reflect.DirectMethodHandleAccessor.invoke(DirectMethodHandleAccessor.java:103)
at java.base/java.lang.reflect.Method.invoke(Method.java:580)
at org.testng.internal.invokers.MethodInvocationHelper.invokeMethod(MethodInvocationHelper.java:141)
at org.testng.internal.invokers.TestInvoker.invokeMethod(TestInvoker.java:686)
at org.testng.internal.invokers.TestInvoker.invokeTestMethod(TestInvoker.java:230)
at org.testng.internal.invokers.MethodRunner.runInSequence(MethodRunner.java:63)
at org.testng.internal.invokers.TestInvoker$MethodInvocationAgent.invoke(TestInvoker.java:992)
at org.testng.internal.invokers.TestInvoker.invokeTestMethods(TestInvoker.java:203)
at org.testng.internal.invokers.TestMethodWorker.invokeTestMethods(TestMethodWorker.java:154)
at org.testng.internal.invokers.TestMethodWorker.run(TestMethodWorker.java:134)
at java.base/java.util.ArrayList.forEach(ArrayList.java:1597)
at org.testng.TestRunner.privateRun(TestRunner.java:739)
at org.testng.TestRunner.run(TestRunner.java:614)
at org.testng.SuiteRunner.runTest(SuiteRunner.java:421)
at org.testng.SuiteRunner.runSequentially(SuiteRunner.java:413)
at org.testng.SuiteRunner.privateRun(SuiteRunner.java:373)
at org.testng.SuiteRunner.run(SuiteRunner.java:312)
at org.testng.SuiteRunnerWorker.runSuite(SuiteRunnerWorker.java:52)
at org.testng.SuiteRunnerWorker.run(SuiteRunnerWorker.java:95)
at org.testng.TestNG.runSuitesSequentially(TestNG.java:1274)
at org.testng.TestNG.runSuitesLocally(TestNG.java:1208)
at org.testng.TestNG.runSuites(TestNG.java:1112)
at org.testng.TestNG.run(TestNG.java:1079)
at org.testng.remote.AbstractRemoteTestNG.run(AbstractRemoteTestNG.java:115)
at org.testng.remote.RemoteTestNG.initAndRun(RemoteTestNG.java:293)
at org.testng.remote.RemoteTestNG.main(RemoteTestNG.java:91)
]]>
    </failure>
  </testcase> <!-- testRegistrationPage -->
  <testcase classname="com.kpi.testcases.RegistrationPageTest" name="verificationPageValidation" time="23.92">
    <failure type="java.lang.AssertionError" message="The following asserts failed:
	Signup verification Title error is not matched expected [Verification - KPI Karta] but found [Register - KPI Karta]">
      <![CDATA[java.lang.AssertionError: The following asserts failed:
Signup verification Title error is not matched expected [Verification - KPI Karta] but found [Register - KPI Karta]
at org.testng.asserts.SoftAssert.assertAll(SoftAssert.java:46)
at org.testng.asserts.SoftAssert.assertAll(SoftAssert.java:30)
at com.kpi.testcases.RegistrationPageTest.verificationPageValidation(RegistrationPageTest.java:258)
at java.base/jdk.internal.reflect.DirectMethodHandleAccessor.invoke(DirectMethodHandleAccessor.java:103)
at java.base/java.lang.reflect.Method.invoke(Method.java:580)
at org.testng.internal.invokers.MethodInvocationHelper.invokeMethod(MethodInvocationHelper.java:141)
at org.testng.internal.invokers.TestInvoker.invokeMethod(TestInvoker.java:686)
at org.testng.internal.invokers.TestInvoker.invokeTestMethod(TestInvoker.java:230)
at org.testng.internal.invokers.MethodRunner.runInSequence(MethodRunner.java:63)
at org.testng.internal.invokers.TestInvoker$MethodInvocationAgent.invoke(TestInvoker.java:992)
at org.testng.internal.invokers.TestInvoker.invokeTestMethods(TestInvoker.java:203)
at org.testng.internal.invokers.TestMethodWorker.invokeTestMethods(TestMethodWorker.java:154)
at org.testng.internal.invokers.TestMethodWorker.run(TestMethodWorker.java:134)
at java.base/java.util.ArrayList.forEach(ArrayList.java:1597)
at org.testng.TestRunner.privateRun(TestRunner.java:739)
at org.testng.TestRunner.run(TestRunner.java:614)
at org.testng.SuiteRunner.runTest(SuiteRunner.java:421)
at org.testng.SuiteRunner.runSequentially(SuiteRunner.java:413)
at org.testng.SuiteRunner.privateRun(SuiteRunner.java:373)
at org.testng.SuiteRunner.run(SuiteRunner.java:312)
at org.testng.SuiteRunnerWorker.runSuite(SuiteRunnerWorker.java:52)
at org.testng.SuiteRunnerWorker.run(SuiteRunnerWorker.java:95)
at org.testng.TestNG.runSuitesSequentially(TestNG.java:1274)
at org.testng.TestNG.runSuitesLocally(TestNG.java:1208)
at org.testng.TestNG.runSuites(TestNG.java:1112)
at org.testng.TestNG.run(TestNG.java:1079)
at org.testng.remote.AbstractRemoteTestNG.run(AbstractRemoteTestNG.java:115)
at org.testng.remote.RemoteTestNG.initAndRun(RemoteTestNG.java:293)
at org.testng.remote.RemoteTestNG.main(RemoteTestNG.java:91)
]]>
    </failure>
  </testcase> <!-- verificationPageValidation -->
  <testcase classname="com.kpi.testcases.RegistrationPageTest" name="selectPlanValidation" time="1.674">
    <failure type="java.lang.AssertionError" message="The following asserts failed:
	Signup verification Title error is not matched expected [Verification - KPI Karta] but found [Register - KPI Karta]">
      <![CDATA[java.lang.AssertionError: The following asserts failed:
Signup verification Title error is not matched expected [Verification - KPI Karta] but found [Register - KPI Karta]
at org.testng.asserts.SoftAssert.assertAll(SoftAssert.java:46)
at org.testng.asserts.SoftAssert.assertAll(SoftAssert.java:30)
at com.kpi.testcases.RegistrationPageTest.selectPlanValidation(RegistrationPageTest.java:279)
at java.base/jdk.internal.reflect.DirectMethodHandleAccessor.invoke(DirectMethodHandleAccessor.java:103)
at java.base/java.lang.reflect.Method.invoke(Method.java:580)
at org.testng.internal.invokers.MethodInvocationHelper.invokeMethod(MethodInvocationHelper.java:141)
at org.testng.internal.invokers.TestInvoker.invokeMethod(TestInvoker.java:686)
at org.testng.internal.invokers.TestInvoker.invokeTestMethod(TestInvoker.java:230)
at org.testng.internal.invokers.MethodRunner.runInSequence(MethodRunner.java:63)
at org.testng.internal.invokers.TestInvoker$MethodInvocationAgent.invoke(TestInvoker.java:992)
at org.testng.internal.invokers.TestInvoker.invokeTestMethods(TestInvoker.java:203)
at org.testng.internal.invokers.TestMethodWorker.invokeTestMethods(TestMethodWorker.java:154)
at org.testng.internal.invokers.TestMethodWorker.run(TestMethodWorker.java:134)
at java.base/java.util.ArrayList.forEach(ArrayList.java:1597)
at org.testng.TestRunner.privateRun(TestRunner.java:739)
at org.testng.TestRunner.run(TestRunner.java:614)
at org.testng.SuiteRunner.runTest(SuiteRunner.java:421)
at org.testng.SuiteRunner.runSequentially(SuiteRunner.java:413)
at org.testng.SuiteRunner.privateRun(SuiteRunner.java:373)
at org.testng.SuiteRunner.run(SuiteRunner.java:312)
at org.testng.SuiteRunnerWorker.runSuite(SuiteRunnerWorker.java:52)
at org.testng.SuiteRunnerWorker.run(SuiteRunnerWorker.java:95)
at org.testng.TestNG.runSuitesSequentially(TestNG.java:1274)
at org.testng.TestNG.runSuitesLocally(TestNG.java:1208)
at org.testng.TestNG.runSuites(TestNG.java:1112)
at org.testng.TestNG.run(TestNG.java:1079)
at org.testng.remote.AbstractRemoteTestNG.run(AbstractRemoteTestNG.java:115)
at org.testng.remote.RemoteTestNG.initAndRun(RemoteTestNG.java:293)
at org.testng.remote.RemoteTestNG.main(RemoteTestNG.java:91)
]]>
    </failure>
  </testcase> <!-- selectPlanValidation -->
  <testcase classname="com.kpi.testcases.RegistrationPageTest" name="thankYouPageValidation" time="1.355">
    <failure type="java.lang.AssertionError" message="The following asserts failed:
	Signup verification Title error is not matched expected [Verification - KPI Karta] but found [Register - KPI Karta],
	Thank You Title error is not matched expected [Thank you - KPI Karta] but found [Buy Subscription Package - KPI Karta]">
      <![CDATA[java.lang.AssertionError: The following asserts failed:
Signup verification Title error is not matched expected [Verification - KPI Karta] but found [Register - KPI Karta],
Thank You Title error is not matched expected [Thank you - KPI Karta] but found [Buy Subscription Package - KPI Karta]
at org.testng.asserts.SoftAssert.assertAll(SoftAssert.java:46)
at org.testng.asserts.SoftAssert.assertAll(SoftAssert.java:30)
at com.kpi.testcases.RegistrationPageTest.thankYouPageValidation(RegistrationPageTest.java:291)
at java.base/jdk.internal.reflect.DirectMethodHandleAccessor.invoke(DirectMethodHandleAccessor.java:103)
at java.base/java.lang.reflect.Method.invoke(Method.java:580)
at org.testng.internal.invokers.MethodInvocationHelper.invokeMethod(MethodInvocationHelper.java:141)
at org.testng.internal.invokers.TestInvoker.invokeMethod(TestInvoker.java:686)
at org.testng.internal.invokers.TestInvoker.invokeTestMethod(TestInvoker.java:230)
at org.testng.internal.invokers.MethodRunner.runInSequence(MethodRunner.java:63)
at org.testng.internal.invokers.TestInvoker$MethodInvocationAgent.invoke(TestInvoker.java:992)
at org.testng.internal.invokers.TestInvoker.invokeTestMethods(TestInvoker.java:203)
at org.testng.internal.invokers.TestMethodWorker.invokeTestMethods(TestMethodWorker.java:154)
at org.testng.internal.invokers.TestMethodWorker.run(TestMethodWorker.java:134)
at java.base/java.util.ArrayList.forEach(ArrayList.java:1597)
at org.testng.TestRunner.privateRun(TestRunner.java:739)
at org.testng.TestRunner.run(TestRunner.java:614)
at org.testng.SuiteRunner.runTest(SuiteRunner.java:421)
at org.testng.SuiteRunner.runSequentially(SuiteRunner.java:413)
at org.testng.SuiteRunner.privateRun(SuiteRunner.java:373)
at org.testng.SuiteRunner.run(SuiteRunner.java:312)
at org.testng.SuiteRunnerWorker.runSuite(SuiteRunnerWorker.java:52)
at org.testng.SuiteRunnerWorker.run(SuiteRunnerWorker.java:95)
at org.testng.TestNG.runSuitesSequentially(TestNG.java:1274)
at org.testng.TestNG.runSuitesLocally(TestNG.java:1208)
at org.testng.TestNG.runSuites(TestNG.java:1112)
at org.testng.TestNG.run(TestNG.java:1079)
at org.testng.remote.AbstractRemoteTestNG.run(AbstractRemoteTestNG.java:115)
at org.testng.remote.RemoteTestNG.initAndRun(RemoteTestNG.java:293)
at org.testng.remote.RemoteTestNG.main(RemoteTestNG.java:91)
]]>
    </failure>
  </testcase> <!-- thankYouPageValidation -->
</testsuite> <!-- Default test -->
